<?xml version="1.0" encoding="UTF-8"?>
<!-- Generated by org.testng.reporters.JUnitReportReporter -->
<testsuite skipped="0" hostname="NB84825Q0WOW" name="TestCase" tests="1" failures="0" timestamp="23 Jun 2020 18:06:55 GMT" time="60.349" errors="0">
  <testcase name="testSuccess" time="60.349" classname="TestCase"/>
</testsuite> <!-- TestCase -->
