<?xml version="1.0" encoding="UTF-8"?>
<!-- Generated by org.testng.reporters.JUnitReportReporter -->
<testsuite skipped="0" hostname="NB84825Q0WOW" name="TestCase" tests="2" failures="0" timestamp="24 Jun 2020 18:57:10 GMT" time="61.637" errors="0">
  <testcase name="testSuccess" time="32.108" classname="TestCase"/>
  <testcase name="testFailed" time="29.529" classname="TestCase"/>
</testsuite> <!-- TestCase -->
